<?xml version="1.0" encoding="UTF-8"?>
<!-- Generated by org.testng.reporters.JUnitReportReporter -->
<testsuite hostname="EHIMUML-21" failures="0" tests="1" name="tests.PurchaseFlight" time="3.315" errors="0" timestamp="2022-10-29T11:14:12 IST" skipped="0">
  <testcase classname="tests.PurchaseFlight" name="purchaseLowestPricedFlight" time="3.315"/>
  <system-out/>
</testsuite> <!-- tests.PurchaseFlight -->
